\BOOKMARK [0][-]{chapter.1}{Introduction}{}% 1
\BOOKMARK [0][-]{chapter.2}{State of the art}{}% 2
\BOOKMARK [1][-]{section.2.1}{Ultra-Wideband Technology}{chapter.2}% 3
\BOOKMARK [1][-]{section.2.2}{Real Time Locating Systems}{chapter.2}% 4
\BOOKMARK [2][-]{subsection.2.2.1}{Symmetric double sided two-way ranging}{section.2.2}% 5
\BOOKMARK [2][-]{subsection.2.2.2}{Trilateration}{section.2.2}% 6
\BOOKMARK [1][-]{section.2.3}{Implementation of a locating system}{chapter.2}% 7
\BOOKMARK [2][-]{subsection.2.3.1}{DWM1000}{section.2.3}% 8
\BOOKMARK [2][-]{subsection.2.3.2}{Anchor}{section.2.3}% 9
\BOOKMARK [2][-]{subsection.2.3.3}{Tag}{section.2.3}% 10
\BOOKMARK [2][-]{subsection.2.3.4}{Android Application}{section.2.3}% 11
\BOOKMARK [2][-]{subsection.2.3.5}{Precision obtained}{section.2.3}% 12
\BOOKMARK [1][-]{section.2.4}{Multi-path aided locating system}{chapter.2}% 13
\BOOKMARK [2][-]{subsection.2.4.1}{Channel Impulse Response}{section.2.4}% 14
\BOOKMARK [2][-]{subsection.2.4.2}{Virtual Anchors}{section.2.4}% 15
\BOOKMARK [2][-]{subsection.2.4.3}{Locating system}{section.2.4}% 16
\BOOKMARK [0][-]{chapter.3}{Algorithms}{}% 17
\BOOKMARK [1][-]{section.3.1}{mpls}{chapter.3}% 18
\BOOKMARK [1][-]{section.3.2}{Peaks extraction}{chapter.3}% 19
\BOOKMARK [2][-]{subsection.3.2.1}{Soft case}{section.3.2}% 20
\BOOKMARK [2][-]{subsection.3.2.2}{Hard case}{section.3.2}% 21
\BOOKMARK [1][-]{section.3.3}{Hard localization algorithm}{chapter.3}% 22
\BOOKMARK [2][-]{subsection.3.3.1}{Virtual antennas combination}{section.3.3}% 23
\BOOKMARK [2][-]{subsection.3.3.2}{System solver}{section.3.3}% 24
\BOOKMARK [1][-]{section.3.4}{Soft localization algorithm}{chapter.3}% 25
\BOOKMARK [2][-]{subsection.3.4.1}{Space solution reduction}{section.3.4}% 26
\BOOKMARK [2][-]{subsection.3.4.2}{Time MSE}{section.3.4}% 27
\BOOKMARK [0][-]{chapter.4}{Simulations}{}% 28
\BOOKMARK [1][-]{section.4.1}{Creation de la simulation}{chapter.4}% 29
\BOOKMARK [2][-]{subsection.4.1.1}{Param\350tres de la simulations, antennes, murs, etc ?}{section.4.1}% 30
\BOOKMARK [2][-]{subsection.4.1.2}{Configuration file, permet de g\351n\351rer les pi\350ces qu'on veut, mettre les antennes o\371 on veut etc}{section.4.1}% 31
\BOOKMARK [2][-]{subsection.4.1.3}{SImulation de la bande finie}{section.4.1}% 32
\BOOKMARK [2][-]{subsection.4.1.4}{Figures qu'on peut g\351n\351rer et donc les analyses qu'on peut faire}{section.4.1}% 33
\BOOKMARK [1][-]{section.4.2}{Resultats pour Soft Simulation}{chapter.4}% 34
\BOOKMARK [1][-]{section.4.3}{R\351sultats pour Hard Simulation}{chapter.4}% 35
\BOOKMARK [0][-]{chapter.5}{Experiences}{}% 36
\BOOKMARK [1][-]{section.5.1}{Tag}{chapter.5}% 37
\BOOKMARK [2][-]{subsection.5.1.1}{DWM1000}{section.5.1}% 38
\BOOKMARK [2][-]{subsection.5.1.2}{PSoC}{section.5.1}% 39
\BOOKMARK [1][-]{section.5.2}{Android Application}{chapter.5}% 40
\BOOKMARK [0][-]{chapter.6}{Conclusion}{}% 41
\BOOKMARK [0][-]{appendix.a.A}{Application view}{}% 42
\BOOKMARK [0][-]{appendix.a.B}{State Machines}{}% 43
\BOOKMARK [0][-]{appendix*.33}{Bibliography}{}% 44
